[19:41:56] [ServerMain/INFO]: [bootstrap] Running Java 21 (OpenJDK 64-Bit Server VM 21.0.10+7-Ubuntu-124.04; Ubuntu null) on Linux 6.8.0-1030-azure (amd64)
[19:41:56] [ServerMain/INFO]: [bootstrap] Loading Paper 1.21.11-99-main@81b9122 (2026-01-20T19:08:30Z) for Minecraft 1.21.11
[19:41:56] [ServerMain/INFO]: [PluginInitializerManager] Initializing plugins...
[19:41:57] [ServerMain/INFO]: [PluginInitializerManager] Initialized 2 plugins
[19:41:57] [ServerMain/INFO]: [PluginInitializerManager] Bukkit plugins (2):
 - Geyser-Spigot (2.9.2-SNAPSHOT), floodgate (2.2.5-SNAPSHOT (b126-096c605))
[19:42:05] [ServerMain/INFO]: Environment: Environment[sessionHost=https://sessionserver.mojang.com, servicesHost=https://api.minecraftservices.com, profilesHost=https://api.mojang.com, name=PROD]
[19:42:08] [ServerMain/INFO]: Loaded 1470 recipes
[19:42:08] [ServerMain/INFO]: Loaded 1584 advancements
[19:42:08] [ServerMain/INFO]: [ca.spottedleaf.dataconverter.minecraft.datatypes.MCTypeRegistry] Initialising converters for DataConverter...
[19:42:09] [ServerMain/INFO]: [ca.spottedleaf.dataconverter.minecraft.datatypes.MCTypeRegistry] Finished initialising converters for DataConverter in 684.7ms
[19:42:09] [Server thread/INFO]: Starting minecraft server version 1.21.11
[19:42:09] [Server thread/INFO]: Loading properties
[19:42:09] [Server thread/INFO]: This server is running Paper version 1.21.11-99-main@81b9122 (2026-01-20T19:08:30Z) (Implementing API version 1.21.11-R0.1-SNAPSHOT)
[19:42:10] [Server thread/INFO]: [spark] This server bundles the spark profiler. For more information please visit https://docs.papermc.io/paper/profiling
[19:42:10] [Server thread/INFO]: Server Ping Player Sample Count: 12
[19:42:10] [Server thread/INFO]: Using 4 threads for Netty based IO
[19:42:11] [Server thread/INFO]: [MoonriseCommon] Paper is using 1 worker threads, 1 I/O threads
[19:42:12] [Server thread/INFO]: Default game type: SURVIVAL
[19:42:12] [Server thread/INFO]: Generating keypair
[19:42:12] [Server thread/INFO]: Starting Minecraft server on *:25565
[19:42:12] [Server thread/INFO]: Paper: Using libdeflate (Linux x86_64) compression from Velocity.
[19:42:12] [Server thread/INFO]: Paper: Using OpenSSL 3.x.x (Linux x86_64) cipher from Velocity.
[19:42:12] [Server thread/INFO]: [floodgate] Loading server plugin floodgate v2.2.5-SNAPSHOT (b126-096c605)
[19:42:14] [Server thread/WARN]: [floodgate] en_ is not a supported Floodgate language.
[19:42:14] [Server thread/INFO]: [floodgate] Took 1,402ms to boot Floodgate
[19:42:14] [Server thread/INFO]: [Geyser-Spigot] Loading server plugin Geyser-Spigot v2.9.2-SNAPSHOT
[19:42:14] [Server thread/INFO]: [Geyser-Spigot] Loading extensions...
[19:42:14] [Server thread/INFO]: [Geyser-Spigot] Loaded 0 extension(s)
[19:42:14] [Server thread/INFO]: Server permissions file permissions.yml is empty, ignoring it
[19:42:14] [Server thread/WARN]: **** SERVER IS RUNNING IN OFFLINE/INSECURE MODE!
[19:42:14] [Server thread/WARN]: The server will make no attempt to authenticate usernames. Beware.
[19:42:14] [Server thread/WARN]: While this makes the game possible to play without internet access, it also opens up the ability for hackers to connect with any username they choose.
[19:42:14] [Server thread/WARN]: To change this, set "online-mode" to "true" in the server.properties file.
[19:42:14] [Server thread/INFO]: Preparing level "world"
[19:42:15] [Server thread/INFO]: [ca.spottedleaf.moonrise.common.util.MoonriseConstants] NUMA enable flag is not set; however there is NUMA interaction support for this OS.
[19:42:15] [Server thread/INFO]: [ca.spottedleaf.moonrise.common.util.MoonriseConstants] Detected 1 NUMA nodes.
[19:42:15] [Server thread/INFO]: Loading 0 persistent chunks for world 'minecraft:overworld'...
[19:42:15] [Server thread/INFO]: Prepared spawn area in 3 ms
[19:42:15] [Server thread/INFO]: Loading 0 persistent chunks for world 'minecraft:the_nether'...
[19:42:15] [Server thread/INFO]: Prepared spawn area in 0 ms
[19:42:15] [Server thread/INFO]: Loading 0 persistent chunks for world 'minecraft:the_end'...
[19:42:15] [Server thread/INFO]: Prepared spawn area in 2 ms
[19:42:15] [Server thread/INFO]: Done preparing level "world" (0.910s)
[19:42:15] [Server thread/INFO]: [floodgate] Enabling floodgate v2.2.5-SNAPSHOT (b126-096c605)
[19:42:16] [Server thread/INFO]: [Geyser-Spigot] Enabling Geyser-Spigot v2.9.2-SNAPSHOT
[19:42:20] [Server thread/INFO]: [spark] Starting background profiler...
[19:42:20] [Server thread/INFO]: [Geyser-Spigot] ******************************************
[19:42:20] [Server thread/INFO]: [Geyser-Spigot] 
[19:42:20] [Server thread/INFO]: [Geyser-Spigot] Loading Geyser version 2.9.2-b1056 (git-master-811db30)
[19:42:20] [Server thread/INFO]: [Geyser-Spigot] 
[19:42:20] [Server thread/INFO]: [Geyser-Spigot] ******************************************
[19:42:28] [GeyserServer-3-1/INFO]: [Geyser-Spigot] Started Geyser on UDP port 19132
[19:42:28] [Thread-8/INFO]: [Geyser-Spigot] Downloading Minecraft JAR to extract required files, please wait... (this may take some time depending on the speed of your internet connection)
[19:42:28] [Server thread/INFO]: [Geyser-Spigot] Done (7.541s)! Run /geyser help for help!
[19:42:28] [Server thread/INFO]: Running delayed init tasks
[19:42:28] [Server thread/INFO]: Done (34.162s)! For help, type "help"
[19:42:29] [Paper Async Task Handler Thread - 1/INFO]: *** Currently you are 7 build(s) behind ***
[19:42:29] [Paper Async Task Handler Thread - 1/INFO]: *** It is highly recommended to download the latest build from https://papermc.io/downloads/paper ***
[19:42:30] [Thread-8/INFO]: [Geyser-Spigot] Minecraft JAR has been successfully downloaded and loaded!
[19:43:27] [GeyserServerChild-4-1/INFO]: [Geyser-Spigot] Player connected with username SantiBlackYT (844)
[19:43:27] [localSession-7-2/INFO]: [Geyser-Spigot] SantiBlackYT (logged in as: SantiBlackYT) has connected to the Java server
[19:43:42] [Server thread/INFO]: [floodgate] Floodgate player logged in as .SantiBlackYT joined (UUID: 00000000-0000-0000-0009-01f1d746b2f1)
[19:43:42] [Server thread/INFO]: .SantiBlackYT joined the game
[19:43:42] [Server thread/INFO]: .SantiBlackYT[/127.98.53.118:0] logged in with entity id 39 at ([world]-7.5, 64.0, -8.5)
[19:44:31] [Geyser Spigot connection thread-6-3/INFO]: [floodgate] Floodgate player logged in as .SantiBlackYT disconnected
[19:44:31] [GeyserServerChild-4-1/INFO]: [Geyser-Spigot] SantiBlackYT has disconnected from the Java server because of Bedrock client disconnected
[19:44:31] [Server thread/INFO]: .SantiBlackYT lost connection: Disconnected
[19:44:31] [Server thread/INFO]: .SantiBlackYT left the game
[19:44:39] [GeyserServerChild-4-2/INFO]: [Geyser-Spigot] Player connected with username ElMachiii (898)
[19:44:39] [localSession-7-3/INFO]: [Geyser-Spigot] ElMachiii (logged in as: ElMachiii) has connected to the Java server
[19:44:39] [Server thread/INFO]: [floodgate] Floodgate player logged in as .ElMachiii joined (UUID: 00000000-0000-0000-0009-01fa24fa65d3)
[19:44:39] [Server thread/INFO]: .ElMachiii joined the game
[19:44:39] [Server thread/INFO]: .ElMachiii[/127.51.226.3:0] logged in with entity id 536 at ([world]8.5, 63.0, -7.5)
[19:49:50] [Server thread/WARN]: .ElMachiii moved wrongly!
[19:50:34] [Server thread/INFO]: .ElMachiii has made the advancement [Sweet Dreams]
[19:53:24] [Server thread/INFO]: .ElMachiii has made the advancement [Acquire Hardware]
[19:56:27] [GeyserServerChild-4-3/INFO]: [Geyser-Spigot] Player connected with username bymonx7373 (898)
[19:56:27] [localSession-7-4/INFO]: [Geyser-Spigot] bymonx7373 (logged in as: bymonx7373) has connected to the Java server
[19:56:27] [User Authenticator #0/INFO]: UUID of player bymonx7373 is 6b31e7ea-58b3-392a-87c0-2c7432b6acab
[19:56:28] [Server thread/INFO]: bymonx7373 joined the game
[19:56:28] [Server thread/INFO]: bymonx7373[/127.89.26.3:0] logged in with entity id 4109 at ([world]4.5, 63.0, -5.5)
[19:57:12] [GeyserServerChild-4-3/INFO]: [Geyser-Spigot] bymonx7373 has disconnected from the Java server because of Bedrock client disconnected
[19:57:12] [Server thread/INFO]: bymonx7373 lost connection: Disconnected
[19:57:12] [Server thread/INFO]: bymonx7373 left the game
[19:58:25] [GeyserServerChild-4-4/INFO]: [Geyser-Spigot] Player connected with username bymonx7373 (898)
[19:58:25] [localSession-7-1/INFO]: [Geyser-Spigot] bymonx7373 (logged in as: bymonx7373) has connected to the Java server
[19:58:26] [Server thread/INFO]: [floodgate] Floodgate player logged in as .bymonx7373 joined (UUID: 00000000-0000-0000-0009-01f2d4e05e23)
[19:58:26] [Server thread/INFO]: .bymonx7373 joined the game
[19:58:26] [Server thread/INFO]: .bymonx7373[/127.89.26.3:0] logged in with entity id 4791 at ([world]1.5, 63.0, -9.5)
[19:58:52] [Async Chat Thread - #0/INFO]: [Not Secure] <.bymonx7373> mira donde vengo a spawnear lpmmm
[19:59:10] [Async Chat Thread - #0/INFO]: [Not Secure] <.ElMachiii> jajajjajajja
[19:59:27] [Async Chat Thread - #0/INFO]: [Not Secure] <.ElMachiii> yo busco 1 arbol
[19:59:35] [Async Chat Thread - #0/INFO]: [Not Secure] <.bymonx7373> yo creo que me voy a matar directamente
[19:59:49] [Async Chat Thread - #1/INFO]: [Not Secure] <.bymonx7373> y ver donde spawneo, si no es en el mismo lugar
[19:59:59] [Async Chat Thread - #0/INFO]: [Not Secure] <.ElMachiii> si compa
[20:00:04] [Async Chat Thread - #1/INFO]: [Not Secure] <.ElMachiii> es el mismo lugar
[20:00:18] [Async Chat Thread - #1/INFO]: [Not Secure] <.bymonx7373> donde hay aldea
[20:00:23] [Async Chat Thread - #1/INFO]: [Not Secure] <.bymonx7373> viste una?
[20:00:34] [Async Chat Thread - #0/INFO]: [Not Secure] <.ElMachiii> si,igual una cagada
[20:01:24] [Async Chat Thread - #0/INFO]: [Not Secure] <.ElMachiii> encontré otra
[20:01:24] [Async Chat Thread - #1/INFO]: [Not Secure] <.bymonx7373> se va a hacer de noche
[20:01:29] [Async Chat Thread - #2/INFO]: [Not Secure] <.bymonx7373> cords
[20:01:32] [Async Chat Thread - #1/INFO]: [Not Secure] <.bymonx7373> plis
[20:01:33] [Async Chat Thread - #1/INFO]: [Not Secure] <.ElMachiii> -5 1474
[20:01:51] [Server thread/INFO]: .ElMachiii has made the advancement [Isn't It Iron Pick]
